<?xml version="1.0" encoding="UTF-8"?>
<testng-results ignored="0" total="1" passed="1" failed="0" skipped="0">
  <reporter-output>
  </reporter-output>
  <suite started-at="2026-02-27T00:39:58 IST" name="MasterSuite" finished-at="2026-02-27T00:40:19 IST" duration-ms="20670">
    <groups>
    </groups>
    <test started-at="2026-02-27T00:39:58 IST" name="Test" finished-at="2026-02-27T00:40:19 IST" duration-ms="20670">
      <class name="testCases.TC_004_Search">
        <test-method is-config="true" signature="setup(java.lang.String,java.lang.String)[pri:0, instance:testCases.TC_004_Search@1477089c]" started-at="2026-02-27T00:39:59 IST" name="setup" finished-at="2026-02-27T00:40:02 IST" duration-ms="3106" status="PASS">
          <params>
            <param index="0">
              <value>
                <![CDATA[Windows]]>
              </value>
            </param>
            <param index="1">
              <value>
                <![CDATA[chrome]]>
              </value>
            </param>
          </params>
          <reporter-output>
          </reporter-output>
        </test-method> <!-- setup -->
        <test-method signature="searchProduct()[pri:0, instance:testCases.TC_004_Search@1477089c]" started-at="2026-02-27T00:40:02 IST" name="searchProduct" finished-at="2026-02-27T00:40:19 IST" duration-ms="16975" status="PASS">
          <reporter-output>
          </reporter-output>
        </test-method> <!-- searchProduct -->
        <test-method is-config="true" signature="tearDown()[pri:0, instance:testCases.TC_004_Search@1477089c]" started-at="2026-02-27T00:40:19 IST" name="tearDown" finished-at="2026-02-27T00:40:19 IST" duration-ms="333" status="PASS">
          <reporter-output>
          </reporter-output>
        </test-method> <!-- tearDown -->
      </class> <!-- testCases.TC_004_Search -->
    </test> <!-- Test -->
  </suite> <!-- MasterSuite -->
</testng-results>
