<?xml version="1.0" encoding="UTF-8"?>
<!-- Generated by org.testng.reporters.JUnitReportReporter -->
<testsuite hostname="DESKTOP-F5P3LRE" failures="0" tests="2" name="testCases.TC001_AccountRegistrationTest" time="5.893" errors="0" timestamp="2026-02-17T00:01:28 IST" skipped="0">
  <testcase classname="testCases.TC001_AccountRegistrationTest" name="verify_account_registration" time="2.689"/>
  <testcase classname="testCases.TC001_AccountRegistrationTest" name="verify_account_registration" time="3.204"/>
</testsuite> <!-- testCases.TC001_AccountRegistrationTest -->
