<?xml version="1.0" encoding="UTF-8"?>
<!-- Generated by org.testng.reporters.JUnitXMLReporter -->
<testsuite ignored="0" hostname="DESKTOP-F5P3LRE" failures="1" tests="5" name="Test" time="33.436" errors="0" timestamp="2026-02-15T18:26:57 IST">
  <testcase classname="testCases.TC003_LoginTestDDT" name="verify_loginDDT" time="2.089"/>
  <testcase classname="testCases.TC003_LoginTestDDT" name="verify_loginDDT" time="1.886">
    <failure type="java.lang.AssertionError" message="expected [true] but found [false]">
      <![CDATA[java.lang.AssertionError: expected [true] but found [false]
at testCases.TC003_LoginTestDDT.verify_loginDDT(TC003_LoginTestDDT.java:62)
at java.base/java.util.ArrayList.forEach(ArrayList.java:1596)
... Removed 29 stack frames]]>
    </failure>
  </testcase> <!-- verify_loginDDT -->
  <testcase classname="testCases.TC003_LoginTestDDT" name="verify_loginDDT" time="11.444"/>
  <testcase classname="testCases.TC003_LoginTestDDT" name="verify_loginDDT" time="11.657"/>
  <testcase classname="testCases.TC003_LoginTestDDT" name="verify_loginDDT" time="2.043"/>
</testsuite> <!-- Test -->
